DEBUG get_query: SELECT value FROM swat_s1 WHERE name = ? AND pid = ?
DEBUG set_query: UPDATE swat_s1 SET value = ? WHERE name = ? AND pid = ?
DEBUG EnipProtocol server addr:  192.168.1.20
DEBUG: concatenating server address with default port.
DEBUG enip _start_server cmd:  ['/usr/bin/python3', '-m', 'cpppo.server.enip', '--no-print', '--log', 'logs/protocols_tests_enip_server', '--address', '192.168.1.20:44818', 'FIT201:2=REAL', 'T201:2=REAL', 'P201:2=INT']
DEBUG: pre_loop
DEBUG: main_loop
temperature du moteur : 72.2930594453208
temperature du moteur : 25.0
temperature du moteur : 26.1331872781166
temperature du moteur : 28.3591721191033
temperature du moteur : 30.746834162387
temperature du moteur : 34.7935707558338
temperature du moteur : 38.3961133295933
temperature du moteur : 43.8216812321427
temperature du moteur : 48.2579611563567
temperature du moteur : 52.9206067596335
temperature du moteur : 56.1154919408908
temperature du moteur : 60.9799691864912
temperature du moteur : 64.2388778104403
temperature du moteur : 69.0992890215917
temperature du moteur : 72.2930594453208
temperature du moteur : 76.970888786227
temperature du moteur : 79.9921017208533
temperature du moteur : 84.3454456091171
temperature du moteur : 88.4530506550523
temperature du moteur : 92.2876852114932
temperature du moteur : 94.6829801323093
temperature du moteur : 98.0256274205991
temperature du moteur : 90.843941231352
temperature du moteur : 75.829119820092
temperature du moteur : 49.7645742674001
temperature du moteur : 43.7763614457718
temperature du moteur : 40.6242283485089
temperature du moteur : 53.9148325903721
temperature du moteur : 65.5901977823995
temperature du moteur : 75.5242398311773
temperature du moteur : 81.2727175141287
temperature du moteur : 88.7210819634799
temperature du moteur : 92.9808918365424
temperature du moteur : 98.4377451499574
temperature du moteur : 92.9530567727164
temperature du moteur : 77.3153884219321
temperature du moteur : 55.1713047737932
temperature du moteur : 43.9330130038964
temperature du moteur : 41.2453365314796
temperature du moteur : 40.1524994636179
temperature du moteur : 53.55531896623
temperature du moteur : 74.5246810866721
temperature du moteur : 82.5588735741631
temperature du moteur : 92.1962824294081
temperature du moteur : 99.5011305197875
temperature du moteur : 92.9431073733627
temperature du moteur : 69.0557933774769
temperature du moteur : 55.1684542231525
temperature du moteur : 43.9322740264053
temperature du moteur : 40.6500005247474
temperature du moteur : 63.8748670868287
temperature du moteur : 80.748733382275
temperature du moteur : 92.7464520066927
temperature du moteur : 101.212651066976
temperature du moteur : 100.336641861524
temperature du moteur : 62.1966100901789
temperature du moteur : 50.4849361908343
temperature du moteur : 42.3395054914069
temperature du moteur : 40.3328509717615
temperature du moteur : 74.4659974787174
temperature du moteur : 85.7783202167853
temperature du moteur : 97.8362215498787
temperature du moteur : 97.8867430088643
temperature du moteur : 76.9102169481467
temperature du moteur : 50.0592076061528
temperature du moteur : 43.8903082447449
temperature du moteur : 40.6430636276956
temperature du moteur : 78.088684168171
temperature du moteur : 89.6876306661715
temperature du moteur : 104.29536552866
temperature du moteur : 95.3395339576822
temperature du moteur : 62.4993754913782
temperature du moteur : 46.7766816696424
temperature du moteur : 42.3714167299175
temperature du moteur : 40.3373911135937
temperature du moteur : 64.2525040168455
temperature du moteur : 87.6688069203616
temperature du moteur : 101.383793952668
temperature du moteur : 101.389751937646
temperature du moteur : 62.5840276364747
temperature du moteur : 50.6679392816494
temperature du moteur : 42.3803390003681
temperature du moteur : 40.6819785417589
temperature du moteur : 76.1758781674367
temperature du moteur : 96.0639810721971
temperature du moteur : 97.5165207821901
temperature du moteur : 61.1591455234778
temperature du moteur : 49.9948726298707
temperature du moteur : 42.2301575305662
temperature du moteur : 40.317293592153
temperature du moteur : 68.2848181350898
temperature du moteur : 93.2067124524996
temperature du moteur : 106.218165402788
temperature du moteur : 99.3674658063562
temperature du moteur : 57.0090637309544
temperature du moteur : 47.2699278170774
temperature du moteur : 41.3961889729492
temperature du moteur : 40.1709723147936
temperature du moteur : 70.3466486285849
temperature du moteur : 95.8311192039906
temperature du moteur : 98.042573363938
temperature du moteur : 68.8230889267663
temperature du moteur : 55.0469718474256
temperature du moteur : 43.900780903658
temperature du moteur : 40.6447947465707
temperature du moteur : 72.1334869578304
temperature du moteur : 102.890802942999
temperature du moteur : 99.8235822898568
temperature du moteur : 69.7075117852989
temperature du moteur : 50.3957798058406
temperature du moteur : 42.319612012945
temperature du moteur : 40.3300206455827
temperature du moteur : 84.7778164115299
temperature du moteur : 104.573665218672
temperature du moteur : 95.5790687207125
temperature du moteur : 70.5024396371966
temperature du moteur : 50.6739550690395
temperature du moteur : 42.3816813039719
temperature du moteur : 40.3388514963376
temperature du moteur : 86.5857653866369
temperature du moteur : 106.084796836147
temperature du moteur : 99.9269452977598
temperature du moteur : 72.8886048949808
temperature du moteur : 51.5089643683557
temperature du moteur : 44.4509886587193
temperature du moteur : 40.7357434767732
temperature du moteur : 88.3148162628053
temperature du moteur : 102.927838035986
temperature du moteur : 107.376348620377
temperature du moteur : 64.7863734786365
temperature du moteur : 51.7082537950548
temperature du moteur : 41.4337509408218
temperature du moteur : 40.3716859675999
temperature du moteur : 89.9449838854548
temperature du moteur : 108.7650486809
temperature du moteur : 99.1866258989079
temperature du moteur : 56.9572522300067
temperature du moteur : 47.2477828079257
temperature du moteur : 41.3919360259652
temperature du moteur : 40.1704515140963
temperature du moteur : 79.7999268174883
temperature du moteur : 109.926896860783
temperature du moteur : 100.186637894729
temperature du moteur : 73.0311272140047
temperature du moteur : 51.558838307873
temperature du moteur : 42.5791254427655
temperature du moteur : 40.3669426778746
temperature du moteur : 81.2373311275912
temperature du moteur : 110.947349017962
temperature du moteur : 110.124109491714
temperature du moteur : 74.8226022150449
temperature du moteur : 47.769972809028
temperature du moteur : 41.4922225679596
temperature du moteur : 40.3868441674595
temperature du moteur : 94.4729195028116
temperature du moteur : 111.894524111033
temperature du moteur : 101.88019036365
temperature du moteur : 57.7289713698074
temperature du moteur : 44.5960631588924
temperature du moteur : 41.4552825904938
temperature du moteur : 40.1782087081306
temperature du moteur : 95.8127604147199
temperature du moteur : 94.9018148216498
temperature du moteur : 70.1307548168009
temperature du moteur : 50.5438885196114
temperature du moteur : 42.3526595339681
temperature du moteur : 40.3347224509545
temperature du moteur : 96.9688353649918
temperature du moteur : 101.646130391496
temperature du moteur : 70.6125623880259
temperature du moteur : 50.7124911765906
temperature du moteur : 42.3902798718213
temperature du moteur : 40.3400748495953
temperature du moteur : 98.0456205684915
temperature du moteur : 96.579158749905
temperature du moteur : 56.210200384162
temperature du moteur : 46.9284816940718
temperature du moteur : 41.3306142762271
temperature du moteur : 40.3449487917882
temperature du moteur : 99.0547679760345
temperature du moteur : 83.7488481347776
temperature du moteur : 67.8954971717599
temperature du moteur : 49.7616874906223
temperature du moteur : 43.7752450107663
temperature du moteur : 40.3098909815136
temperature du moteur : 88.2530968529993
temperature du moteur : 112.089466847046
temperature du moteur : 86.6301486868443
temperature du moteur : 58.9584036852638
temperature du moteur : 44.9147815127978
temperature du moteur : 40.4034298337148
temperature du moteur : 89.4170792259374
temperature du moteur : 112.788754312974
temperature du moteur : 102.64986143122
temperature du moteur : 65.471532844887
temperature du moteur : 47.6718782614115
temperature du moteur : 42.6846798102531
temperature du moteur : 40.3819603275108
temperature du moteur : 90.4238358543971
temperature du moteur : 115.9780423103
temperature du moteur : 113.779741865456
temperature du moteur : 76.6379355279093
temperature du moteur : 52.8209966907162
temperature du moteur : 44.9584053818743
temperature du moteur : 40.4070106989479
temperature du moteur : 102.991282361816
temperature du moteur : 100.118247653562
temperature du moteur : 57.2241663315744
temperature du moteur : 47.3618658804834
temperature du moteur : 40.7380921608196
temperature du moteur : 92.3663416377385
temperature du moteur : 116.704247442652
temperature du moteur : 114.259698574779
temperature du moteur : 59.2511036140109
temperature du moteur : 44.9906611186173
temperature du moteur : 40.8249507343981
temperature du moteur : 111.096070032419
temperature du moteur : 104.433308368037
temperature du moteur : 75.3617493844132
temperature du moteur : 52.3744109842143
temperature du moteur : 42.7611043046502
temperature du moteur : 40.3928335514976
temperature du moteur : 105.3021029968
temperature du moteur : 108.156836105555
temperature du moteur : 73.8456831629381
temperature du moteur : 51.8438821831679
temperature du moteur : 44.5805151171929
temperature du moteur : 40.3759915770915
temperature du moteur : 105.990780329967
temperature du moteur : 108.643124994775
temperature du moteur : 65.2523944633392
temperature du moteur : 47.6058750492815
temperature du moteur : 41.4607076081954
temperature du moteur : 40.378674221076
temperature du moteur : 106.614283329702
temperature du moteur : 102.513407378862
temperature du moteur : 65.4160547672494
temperature du moteur : 47.6551685855391
temperature du moteur : 42.67883246389
temperature du moteur : 40.3811284017358
temperature du moteur : 113.08720740154
temperature du moteur : 112.538307145821
temperature du moteur : 76.0214572905222
temperature du moteur : 52.6052676839489
temperature du moteur : 44.8749741250084
temperature du moteur : 40.8058278029729
temperature du moteur : 97.2762176969709
temperature du moteur : 98.4190654225575
temperature du moteur : 56.737342471652
temperature du moteur : 47.1537900935237
temperature du moteur : 41.3738847337533
temperature du moteur : 40.1682410173267
temperature du moteur : 108.394475399431
temperature du moteur : 103.614752710705
temperature du moteur : 74.9125165148791
temperature du moteur : 47.7900354011497
temperature du moteur : 42.7260274537745
temperature du moteur : 40.3878430251051
temperature du moteur : 108.953275512088
temperature du moteur : 110.671639073546
temperature du moteur : 65.9986430890461
temperature du moteur : 52.2808894119167
temperature du moteur : 42.7402368212461
temperature du moteur : 40.7850909938199
temperature du moteur : 109.471119625662
temperature du moteur : 104.250812254956
temperature du moteur : 75.2615933940123
temperature du moteur : 52.3393626223734
temperature du moteur : 44.7721377293529
temperature du moteur : 40.7888290611023
temperature du moteur : 114.986584917439
temperature du moteur : 104.541551763315
temperature du moteur : 66.2406367395412
temperature du moteur : 52.3951991183863
temperature du moteur : 42.7657427643572
temperature du moteur : 40.393493484046
temperature du moteur : 110.391041603374
temperature du moteur : 104.775826761067
temperature du moteur : 66.335885845663
temperature du moteur : 52.4401916102967
temperature du moteur : 42.7757819462827
temperature du moteur : 40.7952748426479
temperature du moteur : 101.105099637441
temperature du moteur : 105.018865831199
temperature du moteur : 66.4346981577104
temperature du moteur : 52.4868672415069
temperature du moteur : 42.7861966873496
temperature du moteur : 40.3964035469501
temperature du moteur : 111.247990825249
temperature du moteur : 107.137740275296
temperature du moteur : 76.8459730841409
temperature du moteur : 52.8937968848745
temperature du moteur : 44.9865602034708
temperature du moteur : 40.8242728576837
temperature du moteur : 111.681374988704
temperature du moteur : 112.376964988265
temperature du moteur : 75.9413371461978
temperature du moteur : 52.5772306209856
temperature du moteur : 42.8063594826843
temperature du moteur : 40.3992721899369
temperature du moteur : 112.051182017615
temperature du moteur : 105.687615438327
temperature du moteur : 66.7065914579319
temperature du moteur : 52.6153005424459
temperature du moteur : 42.8148540303565
temperature du moteur : 40.8064691821584
temperature du moteur : 112.403716131278
temperature du moteur : 96.700199385933
temperature du moteur : 66.7832777236614
temperature du moteur : 48.0669682264038
temperature du moteur : 42.822936703299
temperature du moteur : 40.4016306986094
temperature du moteur : 112.759774466498
temperature du moteur : 102.624918246203
temperature du moteur : 65.4613917026415
temperature du moteur : 47.668823808065
temperature du moteur : 41.4727969115675
temperature du moteur : 40.1803534493326
temperature du moteur : 113.089699352275
temperature du moteur : 107.698268923257
temperature du moteur : 77.1535977285061
temperature du moteur : 53.0014463604948
temperature du moteur : 45.0281926718465
temperature du moteur : 40.8311546584202
temperature du moteur : 113.44089579192
temperature du moteur : 113.387526185856
temperature du moteur : 76.4431669855034
temperature du moteur : 52.752839825389
temperature du moteur : 42.8455431925863
temperature du moteur : 40.4048470158845
temperature du moteur : 113.732652625639
temperature du moteur : 113.547181099264
temperature du moteur : 67.0564958825321
temperature du moteur : 52.7805836892831
temperature du moteur : 42.8517336853802
temperature du moteur : 40.8170353802292
temperature du moteur : 105.804256964272
temperature du moteur : 103.702797776185
temperature du moteur : 65.8996248163878
temperature du moteur : 52.2341164918027
temperature du moteur : 42.7298003720905
temperature du moteur : 40.7821009010747
temperature du moteur : 114.264011694887
temperature du moteur : 106.805571280368
temperature du moteur : 76.6636748745749
temperature du moteur : 52.830003859752
temperature du moteur : 42.8627608159314
temperature du moteur : 40.8201947060277
temperature du moteur : 106.62051689084
temperature du moteur : 104.140819960985
temperature du moteur : 75.2012283432005
temperature du moteur : 52.3182386123674
temperature du moteur : 42.7485705543241
temperature du moteur : 40.7874786483225
temperature du moteur : 106.997696687549
temperature du moteur : 95.3773346632936
temperature du moteur : 58.4335134016818
temperature du moteur : 47.8787588761558
temperature du moteur : 41.5131149222107
temperature du moteur : 40.3922603068211
temperature du moteur : 114.972575550125
temperature du moteur : 107.13769812535
temperature du moteur : 76.8459499517602
temperature du moteur : 59.2352725630642
temperature du moteur : 44.9865570728435
temperature du moteur : 40.8242723401945
temperature du moteur : 115.210160127425
temperature du moteur : 104.733984729881
temperature du moteur : 66.3188741452807
temperature du moteur : 47.9270925566042
temperature du moteur : 42.7739889262539
temperature du moteur : 40.394666699074
temperature du moteur : 115.410855729038
temperature du moteur : 114.416168910032
temperature du moteur : 76.9539758451811
temperature du moteur : 59.2916670245054
temperature du moteur : 45.0011767877265
temperature du moteur : 40.8266889628108
temperature du moteur : 108.489243991417
temperature du moteur : 105.093392036891
temperature du moteur : 66.4649982518003
temperature du moteur : 52.5011799924999
temperature du moteur : 42.7893902937708
temperature du moteur : 40.7991736994806
temperature du moteur : 115.811873216847
temperature du moteur : 114.607940508832
temperature du moteur : 87.572123202954
temperature du moteur : 59.3413819437629
temperature du moteur : 48.2667954472877
temperature du moteur : 41.5876373102381
temperature du moteur : 40.1944163943729
temperature du moteur : 109.138836207224
temperature du moteur : 107.588444582164
temperature du moteur : 67.4794109161667
temperature du moteur : 52.9803546058235
temperature du moteur : 42.8963086019808
temperature du moteur : 40.8298063076549
temperature du moteur : 109.480921892836
temperature du moteur : 105.573529994658
temperature du moteur : 75.9875162808291
temperature du moteur : 58.7871308905251
temperature du moteur : 44.8703807088482
temperature du moteur : 41.5421416132958
temperature du moteur : 40.1888451538245
temperature du moteur : 116.35933847855
temperature du moteur : 112.635249596207
temperature du moteur : 76.0695974866971
temperature du moteur : 52.6221137558402
temperature du moteur : 44.8814891920928
temperature du moteur : 40.8069047363186
temperature du moteur : 116.527046668658
temperature du moteur : 105.867439479966
temperature du moteur : 76.1488172263245
temperature du moteur : 52.6498357332106
temperature du moteur : 44.8922104179932
temperature du moteur : 40.8086769430403
temperature du moteur : 110.407377820661
temperature du moteur : 112.934489281071
temperature du moteur : 76.218195516512
temperature du moteur : 52.6741138159159
temperature du moteur : 42.8279770454848
temperature du moteur : 40.4023478086143
temperature du moteur : 116.81457857016
temperature du moteur : 115.063578354142
temperature du moteur : 67.6143472572506
temperature du moteur : 53.0440940201008
temperature du moteur : 42.9105307876963
temperature du moteur : 40.4140930656434
temperature du moteur : 116.957020821056
temperature du moteur : 107.975695657585
temperature du moteur : 59.4753628758064
temperature du moteur : 48.3240608982395
temperature du moteur : 41.5986351348605
temperature du moteur : 40.4144305890389
temperature du moteur : 117.091677087204
temperature du moteur : 115.182614515165
temperature du moteur : 77.3345814688456
temperature du moteur : 53.0647794032149
temperature du moteur : 45.0526861576066
temperature du moteur : 40.835203404385
temperature du moteur : 117.22894316176
temperature du moteur : 115.238997285507
temperature du moteur : 77.3625803239844
temperature du moteur : 53.0745772595598
temperature du moteur : 45.0564753905971
temperature du moteur : 40.8358297603855
temperature du moteur : 111.761445784632
temperature du moteur : 113.579951215036
temperature du moteur : 76.5387224270756
temperature du moteur : 59.0748857312979
temperature du moteur : 44.9449783487723
temperature du moteur : 41.5657619690046
temperature du moteur : 40.1917376182187
temperature du moteur : 117.466126553245
temperature du moteur : 115.336690794849
temperature du moteur : 77.4110934849997
temperature du moteur : 59.5303033578557
temperature du moteur : 45.0630409329838
temperature du moteur : 40.8369150372426
temperature du moteur : 117.596057516131
temperature du moteur : 108.212144205912
temperature du moteur : 67.7329882599744
temperature du moteur : 53.1001360615711
temperature du moteur : 42.9230354573846
temperature du moteur : 40.4158721559139
temperature du moteur : 117.690183547337
temperature du moteur : 108.669971662457
temperature du moteur : 88.390911151855
temperature du moteur : 59.6742762815472
temperature du moteur : 48.409079458018
temperature du moteur : 41.614962941497
temperature du moteur : 40.4186634138871
temperature du moteur : 112.719849451475
temperature du moteur : 106.966307878219
temperature du moteur : 67.2264690081318
temperature du moteur : 52.8608733086813
temperature du moteur : 42.8696487210147
temperature du moteur : 40.8221681238744
temperature du moteur : 117.902156085418
temperature du moteur : 108.320138743386
temperature du moteur : 67.7768955623292
temperature du moteur : 53.1208764026246
temperature du moteur : 42.9276632530054
temperature du moteur : 40.8387895655774
temperature du moteur : 113.157135703416
temperature du moteur : 107.131673734356
temperature du moteur : 76.8426436958825
temperature du moteur : 52.8926318062414
temperature du moteur : 42.8767349996614
temperature du moteur : 40.8241983766986
temperature du moteur : 118.080437217203
temperature du moteur : 108.380049953968
temperature du moteur : 77.5277670914286
temperature du moteur : 59.5912123213513
temperature du moteur : 45.0788309885561
temperature du moteur : 41.6081446364386
temperature du moteur : 40.1969276482925
temperature du moteur : 119.480183827157
temperature du moteur : 115.958209291584
temperature du moteur : 67.9434635865714
temperature du moteur : 53.1995575660328
temperature du moteur : 42.9452193935973
temperature du moteur : 40.4190283548427
temperature du moteur : 113.773745086341
temperature du moteur : 107.35947057663
temperature du moteur : 67.3863170326473
temperature du moteur : 52.9363801689841
temperature du moteur : 42.8864965788464
temperature du moteur : 40.410673620893
temperature du moteur : 118.33390928483
temperature du moteur : 115.662269791387
temperature du moteur : 77.5727712299034
temperature du moteur : 59.6147065417789
temperature du moteur : 45.0849216363834
temperature du moteur : 41.6100731594901
temperature du moteur : 40.1971638083372
temperature du moteur : 118.407732588964
temperature du moteur : 115.688207496517
temperature du moteur : 77.5856515130849
temperature du moteur : 53.1526382893652
temperature du moteur : 45.086664793156
temperature du moteur : 40.8408200350646
temperature du moteur : 114.316349437356
temperature du moteur : 107.550867035578
temperature du moteur : 67.4641330258374
temperature du moteur : 52.9731378414354
temperature du moteur : 42.8946983241871
temperature du moteur : 40.4118405165968
temperature du moteur : 118.546949221137
temperature du moteur : 115.734984319188
temperature du moteur : 77.6088801957817
temperature du moteur : 53.160766882303
temperature du moteur : 45.089808453508
temperature du moteur : 40.8413396786257
temperature du moteur : 114.643073007065
temperature du moteur : 107.661824157348
temperature du moteur : 67.5092448250813
temperature du moteur : 52.9944471465323
temperature du moteur : 42.8994530728461
temperature du moteur : 40.4125169940478
temperature du moteur : 114.788915856652
temperature du moteur : 107.711886224596
temperature du moteur : 67.5295985427284
temperature du moteur : 48.2917557373364
temperature du moteur : 41.5924309316611
temperature du moteur : 40.4128222097844
temperature du moteur : 118.729276889886
temperature du moteur : 108.581921136372
temperature du moteur : 77.6385563453237
temperature du moteur : 59.6490493834578
temperature du moteur : 45.0938246836116
temperature du moteur : 40.8420035569967
temperature du moteur : 118.789314962731
temperature du moteur : 108.598849061407
temperature du moteur : 88.3407919019852
temperature du moteur : 59.6538993151812
temperature du moteur : 45.0950819811757
temperature du moteur : 41.6132902982409
temperature du moteur : 40.1975577676578
temperature du moteur : 118.842856916312
temperature du moteur : 115.830374754208
temperature du moteur : 77.6562496839349
temperature du moteur : 53.1773432543638
temperature du moteur : 45.0962192166039
temperature du moteur : 40.8423993706381
temperature du moteur : 118.900736060538
temperature du moteur : 108.629582248927
temperature du moteur : 77.6647133184834
temperature du moteur : 53.180304999587
temperature du moteur : 42.940923565363
temperature du moteur : 40.8425887086757
temperature du moteur : 115.536279127335
temperature du moteur : 107.94782636713
temperature du moteur : 67.6255246461975
temperature du moteur : 53.0493738447863
temperature du moteur : 45.046728196173
temperature du moteur : 40.8342185599839
temperature du moteur : 115.662774219822
temperature du moteur : 107.98620562533
temperature du moteur : 67.6411284881446
temperature du moteur : 53.0567445778163
temperature du moteur : 42.9133535086653
temperature du moteur : 40.8346897551821
temperature du moteur : 115.785917122035
temperature du moteur : 108.023010112525
temperature du moteur : 67.6560920759805
temperature du moteur : 53.063812876219
temperature du moteur : 42.9149306592199
temperature du moteur : 40.8351416163813
temperature du moteur : 115.905563246049
temperature du moteur : 108.058258299691
temperature du moteur : 67.6704229194432
temperature du moteur : 53.0705822873433
temperature du moteur : 42.9164411190081
temperature du moteur : 40.4149339525436
temperature du moteur : 119.111635846446
temperature du moteur : 115.909800468445
temperature du moteur : 77.6956913263681
temperature du moteur : 59.6788764590173
temperature du moteur : 45.1015570624539
temperature du moteur : 41.6153405470583
temperature du moteur : 40.197808833805
temperature du moteur : 116.137498612068
temperature du moteur : 108.126619318892
temperature du moteur : 77.3886814099559
temperature du moteur : 59.5186032287306
temperature du moteur : 45.0600077884599
temperature du moteur : 41.6021845191708
temperature du moteur : 40.1961977936199
temperature du moteur : 119.190734999447
temperature du moteur : 108.160097272987
temperature du moteur : 67.7118275561644
temperature du moteur : 48.3466420614258
temperature du moteur : 42.9208051356118
temperature du moteur : 40.4155548389543
temperature du moteur : 116.370227617049
temperature du moteur : 108.191147042934
temperature du moteur : 67.7244514505668
temperature du moteur : 53.0961035583399
temperature du moteur : 42.9221356842928
temperature du moteur : 40.8372058906262
temperature du moteur : 119.261536584698
temperature du moteur : 108.723288872641
temperature du moteur : 67.9408041732048
temperature du moteur : 53.1983013481085
temperature du moteur : 42.9449390934907
temperature du moteur : 40.8437391767462
temperature du moteur : 119.29448305129
temperature du moteur : 108.731160070051
temperature du moteur : 77.7204604086851
temperature du moteur : 59.6918070538352
temperature du moteur : 45.1049091932248
temperature du moteur : 41.6164019549161
temperature du moteur : 40.1979388100202
temperature du moteur : 116.687463299257
temperature du moteur : 108.276846037952
temperature du moteur : 67.7592940618115
temperature du moteur : 53.112562042502
temperature du moteur : 53.112562042502
temperature du moteur : 53.112562042502
temperature du moteur : 53.112562042502
temperature du moteur : 53.112562042502
temperature du moteur : 53.112562042502
temperature du moteur : 53.112562042502
temperature du moteur : 53.112562042502
temperature du moteur : 53.112562042502
temperature du moteur : 53.112562042502
temperature du moteur : 53.112562042502
temperature du moteur : 53.112562042502
temperature du moteur : 53.112562042502
temperature du moteur : 53.112562042502
temperature du moteur : 53.112562042502
temperature du moteur : 53.112562042502
temperature du moteur : 53.112562042502
temperature du moteur : 53.112562042502
temperature du moteur : 53.112562042502
temperature du moteur : 53.112562042502
temperature du moteur : 53.112562042502
temperature du moteur : 53.112562042502
temperature du moteur : 53.112562042502
temperature du moteur : 53.112562042502
temperature du moteur : 53.112562042502
temperature du moteur : 53.112562042502
temperature du moteur : 53.112562042502
temperature du moteur : 53.112562042502
temperature du moteur : 53.112562042502
temperature du moteur : 53.112562042502
temperature du moteur : 53.112562042502
temperature du moteur : 53.112562042502
temperature du moteur : 53.112562042502
temperature du moteur : 53.112562042502
temperature du moteur : 53.112562042502
temperature du moteur : 53.112562042502
temperature du moteur : 53.112562042502
temperature du moteur : 53.112562042502
temperature du moteur : 53.112562042502
temperature du moteur : 53.112562042502
temperature du moteur : 53.112562042502
temperature du moteur : 53.112562042502
temperature du moteur : 53.112562042502
temperature du moteur : 53.112562042502
temperature du moteur : 53.112562042502
temperature du moteur : 53.112562042502
temperature du moteur : 53.112562042502
temperature du moteur : 53.112562042502
temperature du moteur : 53.112562042502
temperature du moteur : 53.112562042502
temperature du moteur : 53.112562042502
temperature du moteur : 53.112562042502
temperature du moteur : 53.112562042502
temperature du moteur : 53.112562042502
temperature du moteur : 53.112562042502
temperature du moteur : 53.112562042502
temperature du moteur : 53.112562042502
temperature du moteur : 53.112562042502
temperature du moteur : 53.112562042502
temperature du moteur : 53.112562042502
temperature du moteur : 53.112562042502
temperature du moteur : 53.112562042502
temperature du moteur : 53.112562042502
temperature du moteur : 53.112562042502
temperature du moteur : 53.112562042502
temperature du moteur : 53.112562042502
temperature du moteur : 53.112562042502
temperature du moteur : 53.112562042502
temperature du moteur : 53.112562042502
temperature du moteur : 53.112562042502
temperature du moteur : 53.112562042502
temperature du moteur : 53.112562042502
temperature du moteur : 53.112562042502
temperature du moteur : 53.112562042502
temperature du moteur : 53.112562042502
temperature du moteur : 53.112562042502
temperature du moteur : 53.112562042502
temperature du moteur : 53.112562042502
temperature du moteur : 53.112562042502
temperature du moteur : 53.112562042502
temperature du moteur : 53.112562042502
temperature du moteur : 53.112562042502
temperature du moteur : 53.112562042502
temperature du moteur : 53.112562042502
temperature du moteur : 53.112562042502
temperature du moteur : 53.112562042502
temperature du moteur : 53.112562042502
temperature du moteur : 53.112562042502
temperature du moteur : 53.112562042502
temperature du moteur : 53.112562042502
temperature du moteur : 53.112562042502
temperature du moteur : 53.112562042502
temperature du moteur : 53.112562042502
temperature du moteur : 53.112562042502
temperature du moteur : 53.112562042502
temperature du moteur : 53.112562042502
temperature du moteur : 53.112562042502
temperature du moteur : 53.112562042502
temperature du moteur : 53.112562042502
temperature du moteur : 53.112562042502
temperature du moteur : 53.112562042502
temperature du moteur : 53.112562042502
temperature du moteur : 53.112562042502
temperature du moteur : 53.112562042502
temperature du moteur : 53.112562042502
temperature du moteur : 53.112562042502
temperature du moteur : 53.112562042502
temperature du moteur : 53.112562042502
temperature du moteur : 53.112562042502
temperature du moteur : 53.112562042502
temperature du moteur : 53.112562042502
temperature du moteur : 53.112562042502
temperature du moteur : 53.112562042502
temperature du moteur : 53.112562042502
temperature du moteur : 53.112562042502
temperature du moteur : 53.112562042502
temperature du moteur : 53.112562042502
temperature du moteur : 53.112562042502
temperature du moteur : 53.112562042502
temperature du moteur : 53.112562042502
temperature du moteur : 53.112562042502
temperature du moteur : 53.112562042502
temperature du moteur : 53.112562042502
temperature du moteur : 53.112562042502
temperature du moteur : 53.112562042502
temperature du moteur : 53.112562042502
temperature du moteur : 53.112562042502
temperature du moteur : 53.112562042502
temperature du moteur : 53.112562042502
temperature du moteur : 53.112562042502
temperature du moteur : 53.112562042502
temperature du moteur : 53.112562042502
temperature du moteur : 53.112562042502
temperature du moteur : 53.112562042502
temperature du moteur : 53.112562042502
temperature du moteur : 53.112562042502
temperature du moteur : 53.112562042502
temperature du moteur : 53.112562042502
temperature du moteur : 53.112562042502
temperature du moteur : 53.112562042502
temperature du moteur : 53.112562042502
temperature du moteur : 53.112562042502
temperature du moteur : 53.112562042502
temperature du moteur : 53.112562042502
temperature du moteur : 53.112562042502
temperature du moteur : 53.112562042502
temperature du moteur : 53.112562042502
temperature du moteur : 53.112562042502
temperature du moteur : 53.112562042502
temperature du moteur : 53.112562042502
temperature du moteur : 53.112562042502
temperature du moteur : 53.112562042502
temperature du moteur : 53.112562042502
temperature du moteur : 53.112562042502
temperature du moteur : 53.112562042502
temperature du moteur : 53.112562042502
temperature du moteur : 53.112562042502
temperature du moteur : 53.112562042502
temperature du moteur : 53.112562042502
temperature du moteur : 53.112562042502
temperature du moteur : 53.112562042502
temperature du moteur : 53.112562042502
temperature du moteur : 53.112562042502
temperature du moteur : 53.112562042502
temperature du moteur : 53.112562042502
temperature du moteur : 53.112562042502
temperature du moteur : 53.112562042502
temperature du moteur : 53.112562042502
temperature du moteur : 53.112562042502
temperature du moteur : 53.112562042502
temperature du moteur : 53.112562042502
temperature du moteur : 53.112562042502
temperature du moteur : 53.112562042502
temperature du moteur : 53.112562042502
temperature du moteur : 53.112562042502
temperature du moteur : 53.112562042502
temperature du moteur : 53.112562042502
temperature du moteur : 53.112562042502
temperature du moteur : 53.112562042502
temperature du moteur : 53.112562042502
temperature du moteur : 53.112562042502
temperature du moteur : 53.112562042502
temperature du moteur : 53.112562042502
temperature du moteur : 53.112562042502
temperature du moteur : 53.112562042502
temperature du moteur : 53.112562042502
temperature du moteur : 53.112562042502
temperature du moteur : 53.112562042502
temperature du moteur : 53.112562042502
temperature du moteur : 53.112562042502
temperature du moteur : 53.112562042502
temperature du moteur : 53.112562042502
temperature du moteur : 53.112562042502
temperature du moteur : 53.112562042502
temperature du moteur : 53.112562042502
temperature du moteur : 53.112562042502
temperature du moteur : 53.112562042502
temperature du moteur : 53.112562042502
temperature du moteur : 53.112562042502
temperature du moteur : 53.112562042502
temperature du moteur : 53.112562042502
temperature du moteur : 53.112562042502
temperature du moteur : 53.112562042502
temperature du moteur : 53.112562042502
temperature du moteur : 53.112562042502
temperature du moteur : 53.112562042502
temperature du moteur : 53.112562042502
temperature du moteur : 53.112562042502
temperature du moteur : 53.112562042502
temperature du moteur : 53.112562042502
temperature du moteur : 53.112562042502
temperature du moteur : 53.112562042502
temperature du moteur : 53.112562042502
temperature du moteur : 53.112562042502
temperature du moteur : 53.112562042502
temperature du moteur : 53.112562042502
temperature du moteur : 53.112562042502
temperature du moteur : 53.112562042502
temperature du moteur : 53.112562042502
temperature du moteur : 53.112562042502
temperature du moteur : 53.112562042502
temperature du moteur : 53.112562042502
temperature du moteur : 53.112562042502
temperature du moteur : 53.112562042502
temperature du moteur : 53.112562042502
temperature du moteur : 53.112562042502
temperature du moteur : 53.112562042502
temperature du moteur : 53.112562042502
temperature du moteur : 53.112562042502
temperature du moteur : 53.112562042502
temperature du moteur : 53.112562042502
temperature du moteur : 53.112562042502
temperature du moteur : 53.112562042502
temperature du moteur : 53.112562042502
temperature du moteur : 53.112562042502
temperature du moteur : 53.112562042502
temperature du moteur : 53.112562042502
temperature du moteur : 53.112562042502
temperature du moteur : 53.112562042502
temperature du moteur : 53.112562042502
temperature du moteur : 53.112562042502
temperature du moteur : 53.112562042502
temperature du moteur : 53.112562042502
temperature du moteur : 53.112562042502
temperature du moteur : 53.112562042502
temperature du moteur : 53.112562042502
temperature du moteur : 53.112562042502
temperature du moteur : 53.112562042502
temperature du moteur : 53.112562042502
temperature du moteur : 53.112562042502
temperature du moteur : 53.112562042502
temperature du moteur : 53.112562042502
temperature du moteur : 53.112562042502
temperature du moteur : 53.112562042502
temperature du moteur : 53.112562042502
temperature du moteur : 53.112562042502
temperature du moteur : 53.112562042502
temperature du moteur : 53.112562042502
temperature du moteur : 53.112562042502
temperature du moteur : 53.112562042502
temperature du moteur : 53.112562042502
temperature du moteur : 53.112562042502
temperature du moteur : 53.112562042502
temperature du moteur : 53.112562042502
temperature du moteur : 53.112562042502
temperature du moteur : 53.112562042502
temperature du moteur : 53.112562042502
temperature du moteur : 53.112562042502
temperature du moteur : 53.112562042502
temperature du moteur : 53.112562042502
temperature du moteur : 53.112562042502
temperature du moteur : 53.112562042502
temperature du moteur : 53.112562042502
temperature du moteur : 53.112562042502
temperature du moteur : 53.112562042502
temperature du moteur : 53.112562042502
temperature du moteur : 53.112562042502
temperature du moteur : 53.112562042502
temperature du moteur : 53.112562042502
temperature du moteur : 53.112562042502
temperature du moteur : 53.112562042502
temperature du moteur : 53.112562042502
temperature du moteur : 53.112562042502
temperature du moteur : 53.112562042502
temperature du moteur : 53.112562042502
temperature du moteur : 53.112562042502
temperature du moteur : 53.112562042502
temperature du moteur : 53.112562042502
temperature du moteur : 53.112562042502
temperature du moteur : 53.112562042502
temperature du moteur : 53.112562042502
temperature du moteur : 53.112562042502
temperature du moteur : 53.112562042502
temperature du moteur : 53.112562042502
temperature du moteur : 53.112562042502
temperature du moteur : 53.112562042502
temperature du moteur : 53.112562042502
temperature du moteur : 53.112562042502
temperature du moteur : 53.112562042502
temperature du moteur : 53.112562042502
temperature du moteur : 53.112562042502
temperature du moteur : 53.112562042502
temperature du moteur : 53.112562042502
temperature du moteur : 53.112562042502
temperature du moteur : 53.112562042502
temperature du moteur : 53.112562042502
temperature du moteur : 53.112562042502
temperature du moteur : 53.112562042502
temperature du moteur : 53.112562042502
temperature du moteur : 53.112562042502
temperature du moteur : 53.112562042502
temperature du moteur : 53.112562042502
temperature du moteur : 53.112562042502
temperature du moteur : 53.112562042502
temperature du moteur : 53.112562042502
temperature du moteur : 53.112562042502
temperature du moteur : 53.112562042502
temperature du moteur : 53.112562042502
temperature du moteur : 53.112562042502
temperature du moteur : 53.112562042502
temperature du moteur : 53.112562042502
temperature du moteur : 53.112562042502
temperature du moteur : 53.112562042502
temperature du moteur : 53.112562042502
temperature du moteur : 53.112562042502
temperature du moteur : 53.112562042502
temperature du moteur : 53.112562042502
temperature du moteur : 53.112562042502
temperature du moteur : 53.112562042502
temperature du moteur : 53.112562042502
temperature du moteur : 53.112562042502
temperature du moteur : 53.112562042502
temperature du moteur : 53.112562042502
temperature du moteur : 53.112562042502
temperature du moteur : 53.112562042502
temperature du moteur : 53.112562042502
temperature du moteur : 53.112562042502
temperature du moteur : 53.112562042502
temperature du moteur : 53.112562042502
temperature du moteur : 53.112562042502
temperature du moteur : 53.112562042502
temperature du moteur : 53.112562042502
temperature du moteur : 53.112562042502
temperature du moteur : 53.112562042502
temperature du moteur : 53.112562042502
temperature du moteur : 53.112562042502
temperature du moteur : 53.112562042502
temperature du moteur : 53.112562042502
temperature du moteur : 53.112562042502
temperature du moteur : 53.112562042502
temperature du moteur : 53.112562042502
temperature du moteur : 53.112562042502
temperature du moteur : 53.112562042502
temperature du moteur : 53.112562042502
temperature du moteur : 53.112562042502
temperature du moteur : 53.112562042502
temperature du moteur : 53.112562042502
temperature du moteur : 53.112562042502
temperature du moteur : 53.112562042502
temperature du moteur : 53.112562042502
temperature du moteur : 53.112562042502
temperature du moteur : 53.112562042502
temperature du moteur : 53.112562042502
temperature du moteur : 53.112562042502
